2025-10-02 03:31:31,182 [INFO] 입력 데이터 경로: ../datasets/raw/train
2025-10-02 03:31:31,182 [INFO] 출력 데이터 경로: ../datasets/processed
2025-10-02 03:31:31,182 [INFO] 분리 비율: (0.8, 0.2, 0.0)
2025-10-02 03:31:31,182 [INFO] ✨ '../datasets/processed' 폴더를 새로 생성하여 데이터셋을 분리합니다.
2025-10-02 03:34:35,650 [INFO] ✨ 데이터 분리 완료!
2025-10-02 03:34:35,703 [INFO] train/glass_green: 13420개 파일
2025-10-02 03:34:35,764 [INFO] train/glass_brown: 13444개 파일
2025-10-02 03:34:35,774 [INFO] train/can_alum2: 10824개 파일
2025-10-02 03:34:35,918 [INFO] train/plastic_pe1: 23593개 파일
2025-10-02 03:34:35,924 [INFO] train/can_steel3: 1040개 파일
2025-10-02 03:34:36,046 [INFO] train/paper1: 19661개 파일
2025-10-02 03:34:36,166 [INFO] train/can_steel2: 22527개 파일
2025-10-02 03:34:36,293 [INFO] train/pet_color1: 21714개 파일
2025-10-02 03:34:36,429 [INFO] train/plastic_ps1: 24075개 파일
2025-10-02 03:34:36,531 [INFO] train/pet_clear3: 19323개 파일
2025-10-02 03:34:36,535 [INFO] train/fluorescent_lamp: 1922개 파일
2025-10-02 03:34:36,679 [INFO] train/plastic_pp1: 20107개 파일
2025-10-02 03:34:36,785 [INFO] train/pet_clear2: 19875개 파일
2025-10-02 03:34:36,856 [INFO] train/styrofoam1: 20706개 파일
2025-10-02 03:34:36,938 [INFO] train/can_alum1: 20958개 파일
2025-10-02 03:34:36,994 [INFO] train/glass_clear: 13699개 파일
2025-10-02 03:34:37,066 [INFO] train/plastic_pe2: 14598개 파일
2025-10-02 03:34:37,117 [INFO] train/can_steel1: 10415개 파일
2025-10-02 03:34:37,152 [INFO] train/paper2: 12100개 파일
2025-10-02 03:34:37,167 [INFO] train/pet_color3: 6180개 파일
2025-10-02 03:34:37,173 [INFO] train/battery: 2617개 파일
2025-10-02 03:34:37,271 [INFO] train/pet_color2: 21424개 파일
2025-10-02 03:34:37,308 [INFO] train/vinyl: 13455개 파일
2025-10-02 03:34:37,449 [INFO] train/plastic_ps2: 23366개 파일
2025-10-02 03:34:37,462 [INFO] train/plastic_pp3: 15348개 파일
2025-10-02 03:34:37,464 [INFO] train/styrofoam2: 1702개 파일
2025-10-02 03:34:37,483 [INFO] train/plastic_pp2: 22892개 파일
2025-10-02 03:34:37,494 [INFO] train/plastic_ps3: 10860개 파일
2025-10-02 03:34:37,510 [INFO] train/pet_clear1: 19064개 파일
2025-10-02 03:34:37,520 [INFO] val/glass_green: 3355개 파일
2025-10-02 03:34:37,536 [INFO] val/glass_brown: 3361개 파일
2025-10-02 03:34:37,554 [INFO] val/can_alum2: 2706개 파일
2025-10-02 03:34:37,574 [INFO] val/plastic_pe1: 5898개 파일
2025-10-02 03:34:37,576 [INFO] val/can_steel3: 260개 파일
2025-10-02 03:34:37,600 [INFO] val/paper1: 4915개 파일
2025-10-02 03:34:37,627 [INFO] val/can_steel2: 5631개 파일
2025-10-02 03:34:37,649 [INFO] val/pet_color1: 5428개 파일
2025-10-02 03:34:37,682 [INFO] val/plastic_ps1: 6018개 파일
2025-10-02 03:34:37,707 [INFO] val/pet_clear3: 4830개 파일
2025-10-02 03:34:37,709 [INFO] val/fluorescent_lamp: 480개 파일
2025-10-02 03:34:37,724 [INFO] val/plastic_pp1: 5026개 파일
2025-10-02 03:34:37,751 [INFO] val/pet_clear2: 4968개 파일
2025-10-02 03:34:37,770 [INFO] val/styrofoam1: 5176개 파일
2025-10-02 03:34:37,785 [INFO] val/can_alum1: 5239개 파일
2025-10-02 03:34:37,794 [INFO] val/glass_clear: 3424개 파일
2025-10-02 03:34:37,812 [INFO] val/plastic_pe2: 3649개 파일
2025-10-02 03:34:37,821 [INFO] val/can_steel1: 2603개 파일
2025-10-02 03:34:37,831 [INFO] val/paper2: 3025개 파일
2025-10-02 03:34:37,834 [INFO] val/pet_color3: 1545개 파일
2025-10-02 03:34:37,836 [INFO] val/battery: 654개 파일
2025-10-02 03:34:37,858 [INFO] val/pet_color2: 5356개 파일
2025-10-02 03:34:37,871 [INFO] val/vinyl: 3363개 파일
2025-10-02 03:34:37,901 [INFO] val/plastic_ps2: 5841개 파일
2025-10-02 03:34:37,904 [INFO] val/plastic_pp3: 3837개 파일
2025-10-02 03:34:37,905 [INFO] val/styrofoam2: 425개 파일
2025-10-02 03:34:37,909 [INFO] val/plastic_pp2: 5723개 파일
2025-10-02 03:34:37,912 [INFO] val/plastic_ps3: 2715개 파일
2025-10-02 03:34:37,915 [INFO] val/pet_clear1: 4766개 파일
2025-10-02 03:34:37,916 [INFO] test/glass_green: 1개 파일
2025-10-02 03:34:37,916 [INFO] test/glass_brown: 1개 파일
2025-10-02 03:34:37,916 [INFO] test/can_alum2: 1개 파일
2025-10-02 03:34:37,916 [INFO] test/plastic_pe1: 1개 파일
2025-10-02 03:34:37,916 [INFO] test/can_steel3: 0개 파일
2025-10-02 03:34:37,916 [INFO] test/paper1: 1개 파일
2025-10-02 03:34:37,916 [INFO] test/can_steel2: 1개 파일
2025-10-02 03:34:37,916 [INFO] test/pet_color1: 1개 파일
2025-10-02 03:34:37,916 [INFO] test/plastic_ps1: 1개 파일
2025-10-02 03:34:37,916 [INFO] test/pet_clear3: 1개 파일
2025-10-02 03:34:37,916 [INFO] test/fluorescent_lamp: 1개 파일
2025-10-02 03:34:37,916 [INFO] test/plastic_pp1: 1개 파일
2025-10-02 03:34:37,917 [INFO] test/pet_clear2: 1개 파일
2025-10-02 03:34:37,917 [INFO] test/styrofoam1: 1개 파일
2025-10-02 03:34:37,917 [INFO] test/can_alum1: 1개 파일
2025-10-02 03:34:37,917 [INFO] test/glass_clear: 1개 파일
2025-10-02 03:34:37,917 [INFO] test/plastic_pe2: 1개 파일
2025-10-02 03:34:37,917 [INFO] test/can_steel1: 1개 파일
2025-10-02 03:34:37,917 [INFO] test/paper2: 0개 파일
2025-10-02 03:34:37,917 [INFO] test/pet_color3: 0개 파일
2025-10-02 03:34:37,917 [INFO] test/battery: 1개 파일
2025-10-02 03:34:37,917 [INFO] test/pet_color2: 0개 파일
2025-10-02 03:34:37,917 [INFO] test/vinyl: 1개 파일
2025-10-02 03:34:37,917 [INFO] test/plastic_ps2: 1개 파일
2025-10-02 03:34:37,917 [INFO] test/plastic_pp3: 1개 파일
2025-10-02 03:34:37,917 [INFO] test/styrofoam2: 1개 파일
2025-10-02 03:34:37,917 [INFO] test/plastic_pp2: 0개 파일
2025-10-02 03:34:37,917 [INFO] test/plastic_ps3: 1개 파일
2025-10-02 03:34:37,917 [INFO] test/pet_clear1: 0개 파일
